#
# There is insufficient memory for the Java Runtime Environment to continue.
# Native memory allocation (mmap) failed to map 536870912 bytes for Failed to commit area from 0x0000000601000000 to 0x0000000621000000 of length 536870912.
# Possible reasons:
#   The system is out of physical RAM or swap space
#   The process is running with CompressedOops enabled, and the Java Heap may be blocking the growth of the native heap
# Possible solutions:
#   Reduce memory load on the system
#   Increase physical memory or swap space
#   Check if swap backing store is full
#   Decrease Java heap size (-Xmx/-Xms)
#   Decrease number of Java threads
#   Decrease Java thread stack sizes (-Xss)
#   Set larger code cache with -XX:ReservedCodeCacheSize=
# This output file may be truncated or incomplete.
#
#  Out of Memory Error (./src/hotspot/os/windows/os_windows.cpp:3301), pid=46680, tid=46700
#
# JRE version:  (11.0.11+9) (build )
# Java VM: OpenJDK 64-Bit Server VM (11.0.11+9-b1341.60, mixed mode, sharing, tiered, compressed oops, g1 gc, windows-amd64)
# No core dump will be written. Minidumps are not enabled by default on client versions of Windows
#

---------------  S U M M A R Y ------------

Command Line: org.jetbrains.git4idea.http.GitAskPassApp Username for 'https://gitee.com': 

Host: Intel(R) Core(TM) i7-7700 CPU @ 3.60GHz, 8 cores, 31G,  Windows 10 , 64 bit Build 18362 (10.0.18362.1110)
Time: Tue Sep 13 16:36:56 2022 ?D1¨²¡À¨º¡Á?¨º¡À?? elapsed time: 0.012623 seconds (0d 0h 0m 0s)

---------------  T H R E A D  ---------------

Current thread (0x000001d4fb68d800):  JavaThread "Unknown thread" [_thread_in_vm, id=46700, stack(0x000000c08a700000,0x000000c08a800000)]

Stack: [0x000000c08a700000,0x000000c08a800000]
Native frames: (J=compiled Java code, j=interpreted, Vv=VM code, C=native code)
V  [jvm.dll+0x5f5c8a]
V  [jvm.dll+0x779405]
V  [jvm.dll+0x77aa1d]
V  [jvm.dll+0x77b0d3]
V  [jvm.dll+0x244bc8]
V  [jvm.dll+0x5f3084]
V  [jvm.dll+0x5e7fe5]
V  [jvm.dll+0x30098b]
V  [jvm.dll+0x3008fa]
V  [jvm.dll+0x3007d2]
V  [jvm.dll+0x3056b6]
V  [jvm.dll+0x34e353]
V  [jvm.dll+0x34ea56]
V  [jvm.dll+0x34e453]
V  [jvm.dll+0x2db398]
V  [jvm.dll+0x2dc547]
V  [jvm.dll+0x757bf7]
V  [jvm.dll+0x7593ec]
V  [jvm.dll+0x35b8d9]
V  [jvm.dll+0x73b38e]
V  [jvm.dll+0x3c3cc3]
V  [jvm.dll+0x3c60e1]
C  [jli.dll+0x5373]
C  [ucrtbase.dll+0x210b2]
C  [KERNEL32.DLL+0x17c24]
C  [ntdll.dll+0x6cea1]


---------------  P R O C E S S  ---------------

Threads class SMR info:
_java_thread_list=0x000001d4f94d7500, length=0, elements={
}

Java Threads: ( => current thread )

Other Threads:
  0x000001d4fb6a5000 GCTaskThread "GC Thread#0" [stack: 0x000000c08a800000,0x000000c08a900000] [id=46704]
  0x000001d4fb727800 ConcurrentGCThread "G1 Main Marker" [stack: 0x000000c08a900000,0x000000c08aa00000] [id=46708]
  0x000001d4fb72b000 ConcurrentGCThread "G1 Conc#0" [stack: 0x000000c08aa00000,0x000000c08ab00000] [id=46712]

[error occurred during error reporting (printing all threads), id 0xc0000005, EXCEPTION_ACCESS_VIOLATION (0xc0000005) at pc=0x00007fff3790b9f7]

VM state:not at safepoint (not fully initialized)

VM Mutex/Monitor currently owned by a thread:  ([mutex/lock_event])
[0x000001d4fb68a230] Heap_lock - owner thread: 0x000001d4fb68d800

Heap address: 0x0000000601000000, size: 8176 MB, Compressed Oops mode: Non-zero based: 0x0000000601000000
Narrow klass base: 0x0000000000000000, Narrow klass shift: 0

GC Heap History (0 events):
No events

Deoptimization events (0 events):
No events

Classes redefined (0 events):
No events

Internal exceptions (0 events):
No events

Events (1 events):
Event: 0.008 Loaded shared library C:\Program Files\JetBrains\IntelliJ IDEA 2021.1.3\jbr\bin\zip.dll


Dynamic libraries:
0x00007ff681710000 - 0x00007ff68171a000 	C:\Program Files\JetBrains\IntelliJ IDEA 2021.1.3\jbr\bin\java.exe
0x00007fff664c0000 - 0x00007fff666b0000 	C:\Windows\SYSTEM32\ntdll.dll
0x00007fff65490000 - 0x00007fff65542000 	C:\Windows\System32\KERNEL32.DLL
0x00007fff63570000 - 0x00007fff63815000 	C:\Windows\System32\KERNELBASE.dll
0x00007fff63900000 - 0x00007fff639fa000 	C:\Windows\System32\ucrtbase.dll
0x00007fff51c70000 - 0x00007fff51c89000 	C:\Program Files\JetBrains\IntelliJ IDEA 2021.1.3\jbr\bin\jli.dll
0x00007fff51c90000 - 0x00007fff51ca7000 	C:\Program Files\JetBrains\IntelliJ IDEA 2021.1.3\jbr\bin\VCRUNTIME140.dll
0x00007fff65550000 - 0x00007fff656e4000 	C:\Windows\System32\USER32.dll
0x00007fff638a0000 - 0x00007fff638c1000 	C:\Windows\System32\win32u.dll
0x00007fff64640000 - 0x00007fff64666000 	C:\Windows\System32\GDI32.dll
0x00007fff57c60000 - 0x00007fff57ee4000 	C:\Windows\WinSxS\amd64_microsoft.windows.common-controls_6595b64144ccf1df_6.0.18362.1139_none_9e7bf2d3e4605ac6\COMCTL32.dll
0x00007fff63a00000 - 0x00007fff63b96000 	C:\Windows\System32\gdi32full.dll
0x00007fff65cf0000 - 0x00007fff65d8e000 	C:\Windows\System32\msvcrt.dll
0x00007fff63470000 - 0x00007fff6350e000 	C:\Windows\System32\msvcp_win.dll
0x00007fff659b0000 - 0x00007fff65ce5000 	C:\Windows\System32\combase.dll
0x00007fff647b0000 - 0x00007fff648d0000 	C:\Windows\System32\RPCRT4.dll
0x00007fff63820000 - 0x00007fff638a0000 	C:\Windows\System32\bcryptPrimitives.dll
0x00007fff64950000 - 0x00007fff6497e000 	C:\Windows\System32\IMM32.DLL
0x00007fff3adc0000 - 0x00007fff3ae5d000 	C:\Program Files\JetBrains\IntelliJ IDEA 2021.1.3\jbr\bin\msvcp140.dll
0x00007fff37620000 - 0x00007fff38169000 	C:\Program Files\JetBrains\IntelliJ IDEA 2021.1.3\jbr\bin\server\jvm.dll
0x00007fff65900000 - 0x00007fff659a3000 	C:\Windows\System32\ADVAPI32.dll
0x00007fff65850000 - 0x00007fff658e7000 	C:\Windows\System32\sechost.dll
0x00007fff658f0000 - 0x00007fff658f8000 	C:\Windows\System32\PSAPI.DLL
0x00007fff51360000 - 0x00007fff51369000 	C:\Windows\SYSTEM32\WSOCK32.dll
0x00007fff64980000 - 0x00007fff649ef000 	C:\Windows\System32\WS2_32.dll
0x00007fff61380000 - 0x00007fff613a4000 	C:\Windows\SYSTEM32\WINMM.dll
0x00007fff5ce40000 - 0x00007fff5ce4a000 	C:\Windows\SYSTEM32\VERSION.dll
0x00007fff610d0000 - 0x00007fff610fd000 	C:\Windows\SYSTEM32\winmmbase.dll
0x00007fff63da0000 - 0x00007fff63dea000 	C:\Windows\System32\cfgmgr32.dll
0x00007fff63430000 - 0x00007fff63441000 	C:\Windows\System32\kernel.appcore.dll
0x00007fff51f30000 - 0x00007fff51f41000 	C:\Program Files\JetBrains\IntelliJ IDEA 2021.1.3\jbr\bin\verify.dll
0x00007fff61d50000 - 0x00007fff61f44000 	C:\Windows\SYSTEM32\DBGHELP.DLL
0x00007fff4c420000 - 0x00007fff4c44a000 	C:\Windows\SYSTEM32\dbgcore.DLL
0x00007fff51f00000 - 0x00007fff51f29000 	C:\Program Files\JetBrains\IntelliJ IDEA 2021.1.3\jbr\bin\java.dll
0x00007fff5d3a0000 - 0x00007fff5d3ab000 	C:\Program Files\JetBrains\IntelliJ IDEA 2021.1.3\jbr\bin\jimage.dll
0x00007fff51ee0000 - 0x00007fff51ef8000 	C:\Program Files\JetBrains\IntelliJ IDEA 2021.1.3\jbr\bin\zip.dll

dbghelp: loaded successfully - version: 4.0.5 - missing functions: none
symbol engine: initialized successfully - sym options: 0x614 - pdb path: .;C:\Program Files\JetBrains\IntelliJ IDEA 2021.1.3\jbr\bin;C:\Windows\SYSTEM32;C:\Windows\WinSxS\amd64_microsoft.windows.common-controls_6595b64144ccf1df_6.0.18362.1139_none_9e7bf2d3e4605ac6;C:\Program Files\JetBrains\IntelliJ IDEA 2021.1.3\jbr\bin\server

VM Arguments:
java_command: org.jetbrains.git4idea.http.GitAskPassApp Username for 'https://gitee.com': 
java_class_path (initial): C:/Program Files/JetBrains/IntelliJ IDEA 2021.1.3/plugins/git4idea/lib/git4idea-rt.jar;C:/Program Files/JetBrains/IntelliJ IDEA 2021.1.3/lib/xmlrpc-2.0.1.jar;C:/Program Files/JetBrains/IntelliJ IDEA 2021.1.3/lib/commons-codec-1.15.jar
Launcher Type: SUN_STANDARD

[Global flags]
     intx CICompilerCount                          = 4                                         {product} {ergonomic}
     uint ConcGCThreads                            = 2                                         {product} {ergonomic}
     uint G1ConcRefinementThreads                  = 8                                         {product} {ergonomic}
   size_t G1HeapRegionSize                         = 2097152                                   {product} {ergonomic}
    uintx GCDrainStackTargetSize                   = 64                                        {product} {ergonomic}
   size_t InitialHeapSize                          = 536870912                                 {product} {ergonomic}
   size_t MarkStackSize                            = 4194304                                   {product} {ergonomic}
   size_t MaxHeapSize                              = 8573157376                                {product} {ergonomic}
   size_t MinHeapDeltaBytes                        = 2097152                                   {product} {ergonomic}
    uintx NonNMethodCodeHeapSize                   = 5836300                                {pd product} {ergonomic}
    uintx NonProfiledCodeHeapSize                  = 122910970                              {pd product} {ergonomic}
    uintx ProfiledCodeHeapSize                     = 122910970                              {pd product} {ergonomic}
    uintx ReservedCodeCacheSize                    = 251658240                              {pd product} {ergonomic}
     bool SegmentedCodeCache                       = true                                      {product} {ergonomic}
     bool UseCompressedClassPointers               = true                                 {lp64_product} {ergonomic}
     bool UseCompressedOops                        = true                                 {lp64_product} {ergonomic}
     bool UseG1GC                                  = true                                      {product} {ergonomic}
     bool UseLargePagesIndividualAllocation        = false                                  {pd product} {ergonomic}

Logging:
Log output configuration:
 #0: stdout all=warning uptime,level,tags
 #1: stderr all=off uptime,level,tags

Environment Variables:
JAVA_HOME=C:\Program Files\Zulu\zulu-8
CLASSPATH=C:\Program Files\Java\jdk1.8.0_241\lib;
PATH=C:\Program Files\Git\mingw64\libexec\git-core;C:\Program Files\Git\mingw64\libexec\git-core;C:\Program Files\Git\mingw64\bin;C:\Program Files\Git\usr\bin;C:\Users\pc\bin;C:\Program Files\Zulu\zulu-8\bin;C:\Program Files (x86)\Common Files\Oracle\Java\javapath;C:\Program Files\Zulu\zulu-8\bin;C:\Windows\System32\OpenSSH;C:\Windows\system32;C:\Windows;C:\Windows\System32\Wbem;C:\Windows\System32\WindowsPowerShell\v1.0;C:\Program Files\PuTTY;C:\Program Files\PuTTY;C:\Program Files\Git\cmd;C:\Program Files\MariaDB 10.5\bin;D:\nodejs;C:\Program Files\Redis;D:\tools\erl-24.3.4\bin;C:\Program Files (x86)\Bitvise SSH Client;D:\software\anaconda;D:\software\anaconda\Library\mingw-w64\bin;D:\software\anaconda\Library\usr\bin;D:\software\anaconda\Library\bin;D:\software\anaconda\Scripts;C:\Users\pc\AppData\Local\Microsoft\WindowsApps;C:\Program Files\JetBrains\IntelliJ IDEA 2019.3.4\bin;C:\program files\esafenet\cobra docguard client;D:\JetBrains\DataGrip 2021.2.1\bin;C:\Users\pc\AppData\Roaming\npm
USERNAME=pc
DISPLAY=:0.0
LC_ALL=en_US.UTF-8
OS=Windows_NT
PROCESSOR_IDENTIFIER=Intel64 Family 6 Model 158 Stepping 9, GenuineIntel



---------------  S Y S T E M  ---------------

OS: Windows 10 , 64 bit Build 18362 (10.0.18362.1110)
OS uptime: 0 days 7:47 hours

CPU:total 8 (initial active 8) (4 cores per cpu, 2 threads per core) family 6 model 158 stepping 9 microcode 0xb4, cmov, cx8, fxsr, mmx, sse, sse2, sse3, ssse3, sse4.1, sse4.2, popcnt, avx, avx2, aes, clmul, erms, rtm, 3dnowpref, lzcnt, ht, tsc, tscinvbit, bmi1, bmi2, adx, fma

Memory: 4k page, system-wide physical 32696M (6124M free)
TotalPageFile size 41711M (AvailPageFile size 397M)
current process WorkingSet (physical memory assigned to process): 10M, peak: 10M
current process commit charge ("private bytes"): 61M, peak: 573M

vm_info: OpenJDK 64-Bit Server VM (11.0.11+9-b1341.60) for windows-amd64 JRE (11.0.11+9-b1341.60), built on Jun  4 2021 08:17:54 by "" with MS VC++ 14.0 (VS2015)

END.
